c:\users\b\desktop\code\protobuf-3.3.0\cmake\libprotoc.dir\debug\cpp_field.obj
c:\users\b\desktop\code\protobuf-3.3.0\cmake\libprotoc.dir\debug\cpp_primitive_field.obj
c:\users\b\desktop\code\protobuf-3.3.0\cmake\libprotoc.dir\debug\csharp_enum.obj
c:\users\b\desktop\code\protobuf-3.3.0\cmake\libprotoc.dir\debug\csharp_repeated_enum_field.obj
c:\users\b\desktop\code\protobuf-3.3.0\cmake\libprotoc.dir\debug\java_enum_field.obj
c:\users\b\desktop\code\protobuf-3.3.0\cmake\libprotoc.dir\debug\java_generator_factory.obj
c:\users\b\desktop\code\protobuf-3.3.0\cmake\libprotoc.dir\debug\java_message.obj
c:\users\b\desktop\code\protobuf-3.3.0\cmake\libprotoc.dir\debug\java_shared_code_generator.obj
c:\users\b\desktop\code\protobuf-3.3.0\cmake\libprotoc.dir\debug\javanano_field.obj
c:\users\b\desktop\code\protobuf-3.3.0\cmake\libprotoc.dir\debug\js_generator.obj
c:\users\b\desktop\code\protobuf-3.3.0\cmake\libprotoc.dir\debug\objectivec_message_field.obj
c:\users\b\desktop\code\protobuf-3.3.0\cmake\libprotoc.dir\debug\python_generator.obj
c:\users\b\desktop\code\protobuf-3.3.0\cmake\libprotoc.dir\debug\cpp_enum.obj
c:\users\b\desktop\code\protobuf-3.3.0\cmake\libprotoc.dir\debug\cpp_service.obj
c:\users\b\desktop\code\protobuf-3.3.0\cmake\libprotoc.dir\debug\csharp_helpers.obj
c:\users\b\desktop\code\protobuf-3.3.0\cmake\libprotoc.dir\debug\csharp_repeated_primitive_field.obj
c:\users\b\desktop\code\protobuf-3.3.0\cmake\libprotoc.dir\debug\java_enum_lite.obj
c:\users\b\desktop\code\protobuf-3.3.0\cmake\libprotoc.dir\debug\java_lazy_message_field.obj
c:\users\b\desktop\code\protobuf-3.3.0\cmake\libprotoc.dir\debug\java_message_field.obj
c:\users\b\desktop\code\protobuf-3.3.0\cmake\libprotoc.dir\debug\java_string_field.obj
c:\users\b\desktop\code\protobuf-3.3.0\cmake\libprotoc.dir\debug\javanano_helpers.obj
c:\users\b\desktop\code\protobuf-3.3.0\cmake\libprotoc.dir\debug\objectivec_extension.obj
c:\users\b\desktop\code\protobuf-3.3.0\cmake\libprotoc.dir\debug\objectivec_oneof.obj
c:\users\b\desktop\code\protobuf-3.3.0\cmake\libprotoc.dir\debug\subprocess.obj
c:\users\b\desktop\code\protobuf-3.3.0\cmake\libprotoc.dir\debug\cpp_extension.obj
c:\users\b\desktop\code\protobuf-3.3.0\cmake\libprotoc.dir\debug\cpp_message.obj
c:\users\b\desktop\code\protobuf-3.3.0\cmake\libprotoc.dir\debug\csharp_message_field.obj
c:\users\b\desktop\code\protobuf-3.3.0\cmake\libprotoc.dir\debug\java_context.obj
c:\users\b\desktop\code\protobuf-3.3.0\cmake\libprotoc.dir\debug\java_file.obj
c:\users\b\desktop\code\protobuf-3.3.0\cmake\libprotoc.dir\debug\java_message_builder_lite.obj
c:\users\b\desktop\code\protobuf-3.3.0\cmake\libprotoc.dir\debug\java_primitive_field_lite.obj
c:\users\b\desktop\code\protobuf-3.3.0\cmake\libprotoc.dir\debug\javanano_generator.obj
c:\users\b\desktop\code\protobuf-3.3.0\cmake\libprotoc.dir\debug\objectivec_enum_field.obj
c:\users\b\desktop\code\protobuf-3.3.0\cmake\libprotoc.dir\debug\objectivec_message.obj
c:\users\b\desktop\code\protobuf-3.3.0\cmake\libprotoc.dir\debug\ruby_generator.obj
c:\users\b\desktop\code\protobuf-3.3.0\cmake\libprotoc.dir\debug\cpp_enum_field.obj
c:\users\b\desktop\code\protobuf-3.3.0\cmake\libprotoc.dir\debug\cpp_message_field.obj
c:\users\b\desktop\code\protobuf-3.3.0\cmake\libprotoc.dir\debug\csharp_field_base.obj
c:\users\b\desktop\code\protobuf-3.3.0\cmake\libprotoc.dir\debug\csharp_repeated_message_field.obj
c:\users\b\desktop\code\protobuf-3.3.0\cmake\libprotoc.dir\debug\java_enum_field_lite.obj
c:\users\b\desktop\code\protobuf-3.3.0\cmake\libprotoc.dir\debug\java_helpers.obj
c:\users\b\desktop\code\protobuf-3.3.0\cmake\libprotoc.dir\debug\java_message_field_lite.obj
c:\users\b\desktop\code\protobuf-3.3.0\cmake\libprotoc.dir\debug\java_string_field_lite.obj
c:\users\b\desktop\code\protobuf-3.3.0\cmake\libprotoc.dir\debug\javanano_map_field.obj
c:\users\b\desktop\code\protobuf-3.3.0\cmake\libprotoc.dir\debug\objectivec_field.obj
c:\users\b\desktop\code\protobuf-3.3.0\cmake\libprotoc.dir\debug\objectivec_primitive_field.obj
c:\users\b\desktop\code\protobuf-3.3.0\cmake\libprotoc.dir\debug\cpp_file.obj
c:\users\b\desktop\code\protobuf-3.3.0\cmake\libprotoc.dir\debug\cpp_string_field.obj
c:\users\b\desktop\code\protobuf-3.3.0\cmake\libprotoc.dir\debug\csharp_map_field.obj
c:\users\b\desktop\code\protobuf-3.3.0\cmake\libprotoc.dir\debug\csharp_source_generator_base.obj
c:\users\b\desktop\code\protobuf-3.3.0\cmake\libprotoc.dir\debug\java_extension.obj
c:\users\b\desktop\code\protobuf-3.3.0\cmake\libprotoc.dir\debug\java_lazy_message_field_lite.obj
c:\users\b\desktop\code\protobuf-3.3.0\cmake\libprotoc.dir\debug\java_message_lite.obj
c:\users\b\desktop\code\protobuf-3.3.0\cmake\libprotoc.dir\debug\javanano_enum.obj
c:\users\b\desktop\code\protobuf-3.3.0\cmake\libprotoc.dir\debug\javanano_message.obj
c:\users\b\desktop\code\protobuf-3.3.0\cmake\libprotoc.dir\debug\objectivec_file.obj
c:\users\b\desktop\code\protobuf-3.3.0\cmake\libprotoc.dir\debug\plugin.obj
c:\users\b\desktop\code\protobuf-3.3.0\cmake\libprotoc.dir\debug\code_generator.obj
c:\users\b\desktop\code\protobuf-3.3.0\cmake\libprotoc.dir\debug\cpp_helpers.obj
c:\users\b\desktop\code\protobuf-3.3.0\cmake\libprotoc.dir\debug\csharp_generator.obj
c:\users\b\desktop\code\protobuf-3.3.0\cmake\libprotoc.dir\debug\csharp_reflection_class.obj
c:\users\b\desktop\code\protobuf-3.3.0\cmake\libprotoc.dir\debug\java_doc_comment.obj
c:\users\b\desktop\code\protobuf-3.3.0\cmake\libprotoc.dir\debug\java_extension_lite.obj
c:\users\b\desktop\code\protobuf-3.3.0\cmake\libprotoc.dir\debug\java_map_field.obj
c:\users\b\desktop\code\protobuf-3.3.0\cmake\libprotoc.dir\debug\java_name_resolver.obj
c:\users\b\desktop\code\protobuf-3.3.0\cmake\libprotoc.dir\debug\javanano_enum_field.obj
c:\users\b\desktop\code\protobuf-3.3.0\cmake\libprotoc.dir\debug\javanano_message_field.obj
c:\users\b\desktop\code\protobuf-3.3.0\cmake\libprotoc.dir\debug\objectivec_generator.obj
c:\users\b\desktop\code\protobuf-3.3.0\cmake\libprotoc.dir\debug\php_generator.obj
c:\users\b\desktop\code\protobuf-3.3.0\cmake\libprotoc.dir\debug\zip_writer.obj
c:\users\b\desktop\code\protobuf-3.3.0\cmake\libprotoc.dir\debug\command_line_interface.obj
c:\users\b\desktop\code\protobuf-3.3.0\cmake\libprotoc.dir\debug\csharp_doc_comment.obj
c:\users\b\desktop\code\protobuf-3.3.0\cmake\libprotoc.dir\debug\csharp_message.obj
c:\users\b\desktop\code\protobuf-3.3.0\cmake\libprotoc.dir\debug\csharp_wrapper_field.obj
c:\users\b\desktop\code\protobuf-3.3.0\cmake\libprotoc.dir\debug\java_field.obj
c:\users\b\desktop\code\protobuf-3.3.0\cmake\libprotoc.dir\debug\java_map_field_lite.obj
c:\users\b\desktop\code\protobuf-3.3.0\cmake\libprotoc.dir\debug\java_primitive_field.obj
c:\users\b\desktop\code\protobuf-3.3.0\cmake\libprotoc.dir\debug\javanano_extension.obj
c:\users\b\desktop\code\protobuf-3.3.0\cmake\libprotoc.dir\debug\javanano_primitive_field.obj
c:\users\b\desktop\code\protobuf-3.3.0\cmake\libprotoc.dir\debug\objectivec_helpers.obj
c:\users\b\desktop\code\protobuf-3.3.0\cmake\libprotoc.dir\debug\profile.pb.obj
c:\users\b\desktop\code\protobuf-3.3.0\cmake\libprotoc.dir\debug\cpp_generator.obj
c:\users\b\desktop\code\protobuf-3.3.0\cmake\libprotoc.dir\debug\cpp_map_field.obj
c:\users\b\desktop\code\protobuf-3.3.0\cmake\libprotoc.dir\debug\csharp_enum_field.obj
c:\users\b\desktop\code\protobuf-3.3.0\cmake\libprotoc.dir\debug\csharp_primitive_field.obj
c:\users\b\desktop\code\protobuf-3.3.0\cmake\libprotoc.dir\debug\java_enum.obj
c:\users\b\desktop\code\protobuf-3.3.0\cmake\libprotoc.dir\debug\java_generator.obj
c:\users\b\desktop\code\protobuf-3.3.0\cmake\libprotoc.dir\debug\java_message_builder.obj
c:\users\b\desktop\code\protobuf-3.3.0\cmake\libprotoc.dir\debug\java_service.obj
c:\users\b\desktop\code\protobuf-3.3.0\cmake\libprotoc.dir\debug\javanano_file.obj
c:\users\b\desktop\code\protobuf-3.3.0\cmake\libprotoc.dir\debug\well_known_types_embed.obj
c:\users\b\desktop\code\protobuf-3.3.0\cmake\libprotoc.dir\debug\objectivec_enum.obj
c:\users\b\desktop\code\protobuf-3.3.0\cmake\libprotoc.dir\debug\objectivec_map_field.obj
c:\users\b\desktop\code\protobuf-3.3.0\cmake\libprotoc.dir\debug\plugin.pb.obj
c:\users\b\desktop\code\protobuf-3.3.0\cmake\libprotoc.dir\debug\vc120.pdb
c:\users\b\desktop\code\protobuf-3.3.0\cmake\cmakefiles\generate.stamp
c:\users\b\desktop\code\protobuf-3.3.0\src\google\protobuf\compiler\js\well_known_types_embed.cc
c:\users\b\desktop\code\protobuf-3.3.0\cmake\debug\libprotocd.lib
c:\users\b\desktop\code\protojson\protojson\protobuf-3.3.0\cmake\libprotoc.dir\debug\libprotoc.vcxprojresolveassemblyreference.cache
c:\users\b\desktop\code\protojson\protojson\protobuf-3.3.0\cmake\libprotoc.dir\debug\code_generator.obj
c:\users\b\desktop\code\protojson\protojson\protobuf-3.3.0\cmake\libprotoc.dir\debug\command_line_interface.obj
c:\users\b\desktop\code\protojson\protojson\protobuf-3.3.0\cmake\libprotoc.dir\debug\cpp_enum.obj
c:\users\b\desktop\code\protojson\protojson\protobuf-3.3.0\cmake\libprotoc.dir\debug\cpp_enum_field.obj
c:\users\b\desktop\code\protojson\protojson\protobuf-3.3.0\cmake\libprotoc.dir\debug\cpp_extension.obj
c:\users\b\desktop\code\protojson\protojson\protobuf-3.3.0\cmake\libprotoc.dir\debug\cpp_field.obj
c:\users\b\desktop\code\protojson\protojson\protobuf-3.3.0\cmake\libprotoc.dir\debug\cpp_file.obj
c:\users\b\desktop\code\protojson\protojson\protobuf-3.3.0\cmake\libprotoc.dir\debug\cpp_generator.obj
c:\users\b\desktop\code\protojson\protojson\protobuf-3.3.0\cmake\libprotoc.dir\debug\cpp_helpers.obj
c:\users\b\desktop\code\protojson\protojson\protobuf-3.3.0\cmake\libprotoc.dir\debug\cpp_map_field.obj
c:\users\b\desktop\code\protojson\protojson\protobuf-3.3.0\cmake\libprotoc.dir\debug\cpp_message.obj
c:\users\b\desktop\code\protojson\protojson\protobuf-3.3.0\cmake\libprotoc.dir\debug\cpp_message_field.obj
c:\users\b\desktop\code\protojson\protojson\protobuf-3.3.0\cmake\libprotoc.dir\debug\cpp_primitive_field.obj
c:\users\b\desktop\code\protojson\protojson\protobuf-3.3.0\cmake\libprotoc.dir\debug\cpp_service.obj
c:\users\b\desktop\code\protojson\protojson\protobuf-3.3.0\cmake\libprotoc.dir\debug\cpp_string_field.obj
c:\users\b\desktop\code\protojson\protojson\protobuf-3.3.0\cmake\libprotoc.dir\debug\csharp_doc_comment.obj
c:\users\b\desktop\code\protojson\protojson\protobuf-3.3.0\cmake\libprotoc.dir\debug\csharp_enum.obj
c:\users\b\desktop\code\protojson\protojson\protobuf-3.3.0\cmake\libprotoc.dir\debug\csharp_enum_field.obj
c:\users\b\desktop\code\protojson\protojson\protobuf-3.3.0\cmake\libprotoc.dir\debug\csharp_field_base.obj
c:\users\b\desktop\code\protojson\protojson\protobuf-3.3.0\cmake\libprotoc.dir\debug\csharp_generator.obj
c:\users\b\desktop\code\protojson\protojson\protobuf-3.3.0\cmake\libprotoc.dir\debug\csharp_helpers.obj
c:\users\b\desktop\code\protojson\protojson\protobuf-3.3.0\cmake\libprotoc.dir\debug\csharp_map_field.obj
c:\users\b\desktop\code\protojson\protojson\protobuf-3.3.0\cmake\libprotoc.dir\debug\csharp_message.obj
c:\users\b\desktop\code\protojson\protojson\protobuf-3.3.0\cmake\libprotoc.dir\debug\csharp_message_field.obj
c:\users\b\desktop\code\protojson\protojson\protobuf-3.3.0\cmake\libprotoc.dir\debug\csharp_primitive_field.obj
c:\users\b\desktop\code\protojson\protojson\protobuf-3.3.0\cmake\libprotoc.dir\debug\csharp_reflection_class.obj
c:\users\b\desktop\code\protojson\protojson\protobuf-3.3.0\cmake\libprotoc.dir\debug\csharp_repeated_enum_field.obj
c:\users\b\desktop\code\protojson\protojson\protobuf-3.3.0\cmake\libprotoc.dir\debug\csharp_repeated_message_field.obj
c:\users\b\desktop\code\protojson\protojson\protobuf-3.3.0\cmake\libprotoc.dir\debug\csharp_repeated_primitive_field.obj
c:\users\b\desktop\code\protojson\protojson\protobuf-3.3.0\cmake\libprotoc.dir\debug\csharp_source_generator_base.obj
c:\users\b\desktop\code\protojson\protojson\protobuf-3.3.0\cmake\libprotoc.dir\debug\csharp_wrapper_field.obj
c:\users\b\desktop\code\protojson\protojson\protobuf-3.3.0\cmake\libprotoc.dir\debug\javanano_enum.obj
c:\users\b\desktop\code\protojson\protojson\protobuf-3.3.0\cmake\libprotoc.dir\debug\javanano_enum_field.obj
c:\users\b\desktop\code\protojson\protojson\protobuf-3.3.0\cmake\libprotoc.dir\debug\javanano_extension.obj
c:\users\b\desktop\code\protojson\protojson\protobuf-3.3.0\cmake\libprotoc.dir\debug\javanano_field.obj
c:\users\b\desktop\code\protojson\protojson\protobuf-3.3.0\cmake\libprotoc.dir\debug\javanano_file.obj
c:\users\b\desktop\code\protojson\protojson\protobuf-3.3.0\cmake\libprotoc.dir\debug\javanano_generator.obj
c:\users\b\desktop\code\protojson\protojson\protobuf-3.3.0\cmake\libprotoc.dir\debug\javanano_helpers.obj
c:\users\b\desktop\code\protojson\protojson\protobuf-3.3.0\cmake\libprotoc.dir\debug\javanano_map_field.obj
c:\users\b\desktop\code\protojson\protojson\protobuf-3.3.0\cmake\libprotoc.dir\debug\javanano_message.obj
c:\users\b\desktop\code\protojson\protojson\protobuf-3.3.0\cmake\libprotoc.dir\debug\javanano_message_field.obj
c:\users\b\desktop\code\protojson\protojson\protobuf-3.3.0\cmake\libprotoc.dir\debug\javanano_primitive_field.obj
c:\users\b\desktop\code\protojson\protojson\protobuf-3.3.0\cmake\libprotoc.dir\debug\java_context.obj
c:\users\b\desktop\code\protojson\protojson\protobuf-3.3.0\cmake\libprotoc.dir\debug\java_doc_comment.obj
c:\users\b\desktop\code\protojson\protojson\protobuf-3.3.0\cmake\libprotoc.dir\debug\java_enum.obj
c:\users\b\desktop\code\protojson\protojson\protobuf-3.3.0\cmake\libprotoc.dir\debug\java_enum_field.obj
c:\users\b\desktop\code\protojson\protojson\protobuf-3.3.0\cmake\libprotoc.dir\debug\java_enum_field_lite.obj
c:\users\b\desktop\code\protojson\protojson\protobuf-3.3.0\cmake\libprotoc.dir\debug\java_enum_lite.obj
c:\users\b\desktop\code\protojson\protojson\protobuf-3.3.0\cmake\libprotoc.dir\debug\java_extension.obj
c:\users\b\desktop\code\protojson\protojson\protobuf-3.3.0\cmake\libprotoc.dir\debug\java_extension_lite.obj
c:\users\b\desktop\code\protojson\protojson\protobuf-3.3.0\cmake\libprotoc.dir\debug\java_field.obj
c:\users\b\desktop\code\protojson\protojson\protobuf-3.3.0\cmake\libprotoc.dir\debug\java_file.obj
c:\users\b\desktop\code\protojson\protojson\protobuf-3.3.0\cmake\libprotoc.dir\debug\java_generator.obj
c:\users\b\desktop\code\protojson\protojson\protobuf-3.3.0\cmake\libprotoc.dir\debug\java_generator_factory.obj
c:\users\b\desktop\code\protojson\protojson\protobuf-3.3.0\cmake\libprotoc.dir\debug\java_helpers.obj
c:\users\b\desktop\code\protojson\protojson\protobuf-3.3.0\cmake\libprotoc.dir\debug\java_lazy_message_field.obj
c:\users\b\desktop\code\protojson\protojson\protobuf-3.3.0\cmake\libprotoc.dir\debug\java_lazy_message_field_lite.obj
c:\users\b\desktop\code\protojson\protojson\protobuf-3.3.0\cmake\libprotoc.dir\debug\java_map_field.obj
c:\users\b\desktop\code\protojson\protojson\protobuf-3.3.0\cmake\libprotoc.dir\debug\java_map_field_lite.obj
c:\users\b\desktop\code\protojson\protojson\protobuf-3.3.0\cmake\libprotoc.dir\debug\java_message.obj
c:\users\b\desktop\code\protojson\protojson\protobuf-3.3.0\cmake\libprotoc.dir\debug\java_message_builder.obj
c:\users\b\desktop\code\protojson\protojson\protobuf-3.3.0\cmake\libprotoc.dir\debug\java_message_builder_lite.obj
c:\users\b\desktop\code\protojson\protojson\protobuf-3.3.0\cmake\libprotoc.dir\debug\java_message_field.obj
c:\users\b\desktop\code\protojson\protojson\protobuf-3.3.0\cmake\libprotoc.dir\debug\java_message_field_lite.obj
c:\users\b\desktop\code\protojson\protojson\protobuf-3.3.0\cmake\libprotoc.dir\debug\java_message_lite.obj
c:\users\b\desktop\code\protojson\protojson\protobuf-3.3.0\cmake\libprotoc.dir\debug\java_name_resolver.obj
c:\users\b\desktop\code\protojson\protojson\protobuf-3.3.0\cmake\libprotoc.dir\debug\java_primitive_field.obj
c:\users\b\desktop\code\protojson\protojson\protobuf-3.3.0\cmake\libprotoc.dir\debug\java_primitive_field_lite.obj
c:\users\b\desktop\code\protojson\protojson\protobuf-3.3.0\cmake\libprotoc.dir\debug\java_service.obj
c:\users\b\desktop\code\protojson\protojson\protobuf-3.3.0\cmake\libprotoc.dir\debug\java_shared_code_generator.obj
c:\users\b\desktop\code\protojson\protojson\protobuf-3.3.0\cmake\libprotoc.dir\debug\java_string_field.obj
c:\users\b\desktop\code\protojson\protojson\protobuf-3.3.0\cmake\libprotoc.dir\debug\java_string_field_lite.obj
c:\users\b\desktop\code\protojson\protojson\protobuf-3.3.0\cmake\libprotoc.dir\debug\js_generator.obj
c:\users\b\desktop\code\protojson\protojson\protobuf-3.3.0\cmake\libprotoc.dir\debug\objectivec_enum.obj
c:\users\b\desktop\code\protojson\protojson\protobuf-3.3.0\cmake\libprotoc.dir\debug\objectivec_enum_field.obj
c:\users\b\desktop\code\protojson\protojson\protobuf-3.3.0\cmake\libprotoc.dir\debug\objectivec_extension.obj
c:\users\b\desktop\code\protojson\protojson\protobuf-3.3.0\cmake\libprotoc.dir\debug\objectivec_field.obj
c:\users\b\desktop\code\protojson\protojson\protobuf-3.3.0\cmake\libprotoc.dir\debug\objectivec_file.obj
c:\users\b\desktop\code\protojson\protojson\protobuf-3.3.0\cmake\libprotoc.dir\debug\objectivec_generator.obj
c:\users\b\desktop\code\protojson\protojson\protobuf-3.3.0\cmake\libprotoc.dir\debug\objectivec_helpers.obj
c:\users\b\desktop\code\protojson\protojson\protobuf-3.3.0\cmake\libprotoc.dir\debug\objectivec_map_field.obj
c:\users\b\desktop\code\protojson\protojson\protobuf-3.3.0\cmake\libprotoc.dir\debug\objectivec_message.obj
c:\users\b\desktop\code\protojson\protojson\protobuf-3.3.0\cmake\libprotoc.dir\debug\objectivec_message_field.obj
c:\users\b\desktop\code\protojson\protojson\protobuf-3.3.0\cmake\libprotoc.dir\debug\objectivec_oneof.obj
c:\users\b\desktop\code\protojson\protojson\protobuf-3.3.0\cmake\libprotoc.dir\debug\objectivec_primitive_field.obj
c:\users\b\desktop\code\protojson\protojson\protobuf-3.3.0\cmake\libprotoc.dir\debug\php_generator.obj
c:\users\b\desktop\code\protojson\protojson\protobuf-3.3.0\cmake\libprotoc.dir\debug\plugin.obj
c:\users\b\desktop\code\protojson\protojson\protobuf-3.3.0\cmake\libprotoc.dir\debug\plugin.pb.obj
c:\users\b\desktop\code\protojson\protojson\protobuf-3.3.0\cmake\libprotoc.dir\debug\profile.pb.obj
c:\users\b\desktop\code\protojson\protojson\protobuf-3.3.0\cmake\libprotoc.dir\debug\python_generator.obj
c:\users\b\desktop\code\protojson\protojson\protobuf-3.3.0\cmake\libprotoc.dir\debug\ruby_generator.obj
c:\users\b\desktop\code\protojson\protojson\protobuf-3.3.0\cmake\libprotoc.dir\debug\subprocess.obj
c:\users\b\desktop\code\protojson\protojson\protobuf-3.3.0\cmake\libprotoc.dir\debug\well_known_types_embed.obj
c:\users\b\desktop\code\protojson\protojson\protobuf-3.3.0\cmake\libprotoc.dir\debug\zip_writer.obj
c:\users\b\desktop\code\protojson\protojson\protobuf-3.3.0\cmake\libprotoc.dir\debug\vc120.pdb
c:\users\b\desktop\code\protojson\protojson\protobuf-3.3.0\cmake\libprotoc.dir\debug\libprotoc.tlog\cl.command.1.tlog
c:\users\b\desktop\code\protojson\protojson\protobuf-3.3.0\cmake\libprotoc.dir\debug\libprotoc.tlog\cl.read.1.tlog
c:\users\b\desktop\code\protojson\protojson\protobuf-3.3.0\cmake\libprotoc.dir\debug\libprotoc.tlog\cl.write.1.tlog
c:\users\b\desktop\code\protojson\protojson\protobuf-3.3.0\cmake\libprotoc.dir\debug\libprotoc.tlog\custombuild.command.1.tlog
c:\users\b\desktop\code\protojson\protojson\protobuf-3.3.0\cmake\libprotoc.dir\debug\libprotoc.tlog\custombuild.read.1.tlog
c:\users\b\desktop\code\protojson\protojson\protobuf-3.3.0\cmake\libprotoc.dir\debug\libprotoc.tlog\custombuild.write.1.tlog
c:\users\b\desktop\code\protojson\protojson\protobuf-3.3.0\cmake\libprotoc.dir\debug\libprotoc.tlog\lib-link.read.1.tlog
c:\users\b\desktop\code\protojson\protojson\protobuf-3.3.0\cmake\libprotoc.dir\debug\libprotoc.tlog\lib-link.write.1.tlog
c:\users\b\desktop\code\protojson\protojson\protobuf-3.3.0\cmake\libprotoc.dir\debug\libprotoc.tlog\lib.command.1.tlog
