c:\users\b\desktop\code\protojson\protojson\protobuf-3.3.0\cmake\libprotobuf.dir\release\arena.obj
c:\users\b\desktop\code\protojson\protojson\protobuf-3.3.0\cmake\libprotobuf.dir\release\common.obj
c:\users\b\desktop\code\protojson\protojson\protobuf-3.3.0\cmake\libprotobuf.dir\release\any.obj
c:\users\b\desktop\code\protojson\protojson\protobuf-3.3.0\cmake\libprotobuf.dir\release\descriptor.pb.obj
c:\users\b\desktop\code\protojson\protojson\protobuf-3.3.0\cmake\libprotobuf.dir\release\map_field.obj
c:\users\b\desktop\code\protojson\protojson\protobuf-3.3.0\cmake\libprotobuf.dir\release\type.pb.obj
c:\users\b\desktop\code\protojson\protojson\protobuf-3.3.0\cmake\libprotobuf.dir\release\json_objectwriter.obj
c:\users\b\desktop\code\protojson\protojson\protobuf-3.3.0\cmake\libprotobuf.dir\release\json_util.obj
c:\users\b\desktop\code\protojson\protojson\protobuf-3.3.0\cmake\libprotobuf.dir\release\wrappers.pb.obj
c:\users\b\desktop\code\protojson\protojson\protobuf-3.3.0\cmake\libprotobuf.dir\release\message_lite.obj
c:\users\b\desktop\code\protojson\protojson\protobuf-3.3.0\cmake\libprotobuf.dir\release\once.obj
c:\users\b\desktop\code\protojson\protojson\protobuf-3.3.0\cmake\libprotobuf.dir\release\parser.obj
c:\users\b\desktop\code\protojson\protojson\protobuf-3.3.0\cmake\libprotobuf.dir\release\generated_message_table_driven.obj
c:\users\b\desktop\code\protojson\protojson\protobuf-3.3.0\cmake\libprotobuf.dir\release\reflection_ops.obj
c:\users\b\desktop\code\protojson\protojson\protobuf-3.3.0\cmake\libprotobuf.dir\release\timestamp.pb.obj
c:\users\b\desktop\code\protojson\protojson\protobuf-3.3.0\cmake\libprotobuf.dir\release\field_mask_utility.obj
c:\users\b\desktop\code\protojson\protojson\protobuf-3.3.0\cmake\libprotobuf.dir\release\protostream_objectwriter.obj
c:\users\b\desktop\code\protojson\protojson\protobuf-3.3.0\cmake\libprotobuf.dir\release\coded_stream.obj
c:\users\b\desktop\code\protojson\protojson\protobuf-3.3.0\cmake\libprotobuf.dir\release\int128.obj
c:\users\b\desktop\code\protojson\protojson\protobuf-3.3.0\cmake\libprotobuf.dir\release\stringprintf.obj
c:\users\b\desktop\code\protojson\protojson\protobuf-3.3.0\cmake\libprotobuf.dir\release\any.pb.obj
c:\users\b\desktop\code\protojson\protojson\protobuf-3.3.0\cmake\libprotobuf.dir\release\dynamic_message.obj
c:\users\b\desktop\code\protojson\protojson\protobuf-3.3.0\cmake\libprotobuf.dir\release\generated_message_reflection.obj
c:\users\b\desktop\code\protojson\protojson\protobuf-3.3.0\cmake\libprotobuf.dir\release\substitute.obj
c:\users\b\desktop\code\protojson\protojson\protobuf-3.3.0\cmake\libprotobuf.dir\release\unknown_field_set.obj
c:\users\b\desktop\code\protojson\protojson\protobuf-3.3.0\cmake\libprotobuf.dir\release\datapiece.obj
c:\users\b\desktop\code\protojson\protojson\protobuf-3.3.0\cmake\libprotobuf.dir\release\type_info_test_helper.obj
c:\users\b\desktop\code\protojson\protojson\protobuf-3.3.0\cmake\libprotobuf.dir\release\type_resolver_util.obj
c:\users\b\desktop\code\protojson\protojson\protobuf-3.3.0\cmake\libprotobuf.dir\release\zero_copy_stream.obj
c:\users\b\desktop\code\protojson\protojson\protobuf-3.3.0\cmake\libprotobuf.dir\release\repeated_field.obj
c:\users\b\desktop\code\protojson\protojson\protobuf-3.3.0\cmake\libprotobuf.dir\release\statusor.obj
c:\users\b\desktop\code\protojson\protojson\protobuf-3.3.0\cmake\libprotobuf.dir\release\structurally_valid.obj
c:\users\b\desktop\code\protojson\protojson\protobuf-3.3.0\cmake\libprotobuf.dir\release\importer.obj
c:\users\b\desktop\code\protojson\protojson\protobuf-3.3.0\cmake\libprotobuf.dir\release\empty.pb.obj
c:\users\b\desktop\code\protojson\protojson\protobuf-3.3.0\cmake\libprotobuf.dir\release\printer.obj
c:\users\b\desktop\code\protojson\protojson\protobuf-3.3.0\cmake\libprotobuf.dir\release\struct.pb.obj
c:\users\b\desktop\code\protojson\protojson\protobuf-3.3.0\cmake\libprotobuf.dir\release\error_listener.obj
c:\users\b\desktop\code\protojson\protojson\protobuf-3.3.0\cmake\libprotobuf.dir\release\json_escaping.obj
c:\users\b\desktop\code\protojson\protojson\protobuf-3.3.0\cmake\libprotobuf.dir\release\protostream_objectsource.obj
c:\users\b\desktop\code\protojson\protojson\protobuf-3.3.0\cmake\libprotobuf.dir\release\extension_set.obj
c:\users\b\desktop\code\protojson\protojson\protobuf-3.3.0\cmake\libprotobuf.dir\release\wire_format_lite.obj
c:\users\b\desktop\code\protojson\protojson\protobuf-3.3.0\cmake\libprotobuf.dir\release\duration.pb.obj
c:\users\b\desktop\code\protojson\protojson\protobuf-3.3.0\cmake\libprotobuf.dir\release\field_mask.pb.obj
c:\users\b\desktop\code\protojson\protojson\protobuf-3.3.0\cmake\libprotobuf.dir\release\zero_copy_stream_impl.obj
c:\users\b\desktop\code\protojson\protojson\protobuf-3.3.0\cmake\libprotobuf.dir\release\service.obj
c:\users\b\desktop\code\protojson\protojson\protobuf-3.3.0\cmake\libprotobuf.dir\release\mathlimits.obj
c:\users\b\desktop\code\protojson\protojson\protobuf-3.3.0\cmake\libprotobuf.dir\release\text_format.obj
c:\users\b\desktop\code\protojson\protojson\protobuf-3.3.0\cmake\libprotobuf.dir\release\object_writer.obj
c:\users\b\desktop\code\protojson\protojson\protobuf-3.3.0\cmake\libprotobuf.dir\release\utility.obj
c:\users\b\desktop\code\protojson\protojson\protobuf-3.3.0\cmake\libprotobuf.dir\release\zero_copy_stream_impl_lite.obj
c:\users\b\desktop\code\protojson\protojson\protobuf-3.3.0\cmake\libprotobuf.dir\release\bytestream.obj
c:\users\b\desktop\code\protojson\protojson\protobuf-3.3.0\cmake\libprotobuf.dir\release\stringpiece.obj
c:\users\b\desktop\code\protojson\protojson\protobuf-3.3.0\cmake\libprotobuf.dir\release\strutil.obj
c:\users\b\desktop\code\protojson\protojson\protobuf-3.3.0\cmake\libprotobuf.dir\release\descriptor_database.obj
c:\users\b\desktop\code\protojson\protojson\protobuf-3.3.0\cmake\libprotobuf.dir\release\gzip_stream.obj
c:\users\b\desktop\code\protojson\protojson\protobuf-3.3.0\cmake\libprotobuf.dir\release\strtod.obj
c:\users\b\desktop\code\protojson\protojson\protobuf-3.3.0\cmake\libprotobuf.dir\release\message.obj
c:\users\b\desktop\code\protojson\protojson\protobuf-3.3.0\cmake\libprotobuf.dir\release\field_comparator.obj
c:\users\b\desktop\code\protojson\protojson\protobuf-3.3.0\cmake\libprotobuf.dir\release\default_value_objectwriter.obj
c:\users\b\desktop\code\protojson\protojson\protobuf-3.3.0\cmake\libprotobuf.dir\release\type_info.obj
c:\users\b\desktop\code\protojson\protojson\protobuf-3.3.0\cmake\libprotobuf.dir\release\wire_format.obj
c:\users\b\desktop\code\protojson\protojson\protobuf-3.3.0\cmake\libprotobuf.dir\release\arenastring.obj
c:\users\b\desktop\code\protojson\protojson\protobuf-3.3.0\cmake\libprotobuf.dir\release\atomicops_internals_x86_gcc.obj
c:\users\b\desktop\code\protojson\protojson\protobuf-3.3.0\cmake\libprotobuf.dir\release\status.obj
c:\users\b\desktop\code\protojson\protojson\protobuf-3.3.0\cmake\libprotobuf.dir\release\time.obj
c:\users\b\desktop\code\protojson\protojson\protobuf-3.3.0\cmake\libprotobuf.dir\release\descriptor.obj
c:\users\b\desktop\code\protojson\protojson\protobuf-3.3.0\cmake\libprotobuf.dir\release\proto_writer.obj
c:\users\b\desktop\code\protojson\protojson\protobuf-3.3.0\cmake\libprotobuf.dir\release\time_util.obj
c:\users\b\desktop\code\protojson\protojson\protobuf-3.3.0\cmake\libprotobuf.dir\release\generated_message_util.obj
c:\users\b\desktop\code\protojson\protojson\protobuf-3.3.0\cmake\libprotobuf.dir\release\atomicops_internals_x86_msvc.obj
c:\users\b\desktop\code\protojson\protojson\protobuf-3.3.0\cmake\libprotobuf.dir\release\api.pb.obj
c:\users\b\desktop\code\protojson\protojson\protobuf-3.3.0\cmake\libprotobuf.dir\release\extension_set_heavy.obj
c:\users\b\desktop\code\protojson\protojson\protobuf-3.3.0\cmake\libprotobuf.dir\release\tokenizer.obj
c:\users\b\desktop\code\protojson\protojson\protobuf-3.3.0\cmake\libprotobuf.dir\release\source_context.pb.obj
c:\users\b\desktop\code\protojson\protojson\protobuf-3.3.0\cmake\libprotobuf.dir\release\delimited_message_util.obj
c:\users\b\desktop\code\protojson\protojson\protobuf-3.3.0\cmake\libprotobuf.dir\release\field_mask_util.obj
c:\users\b\desktop\code\protojson\protojson\protobuf-3.3.0\cmake\libprotobuf.dir\release\json_stream_parser.obj
c:\users\b\desktop\code\protojson\protojson\protobuf-3.3.0\cmake\libprotobuf.dir\release\message_differencer.obj
c:\users\b\desktop\code\protobuf-3.3.0\cmake\cmakefiles\generate.stamp
c:\users\b\desktop\code\protobuf-3.3.0\cmake\release\libprotobuf.lib
c:\users\b\desktop\code\protojson\protojson\protobuf-3.3.0\cmake\libprotobuf.dir\release\libprotobuf.tlog\cl.command.1.tlog
c:\users\b\desktop\code\protojson\protojson\protobuf-3.3.0\cmake\libprotobuf.dir\release\libprotobuf.tlog\cl.read.1.tlog
c:\users\b\desktop\code\protojson\protojson\protobuf-3.3.0\cmake\libprotobuf.dir\release\libprotobuf.tlog\cl.write.1.tlog
c:\users\b\desktop\code\protojson\protojson\protobuf-3.3.0\cmake\libprotobuf.dir\release\libprotobuf.tlog\custombuild.command.1.tlog
c:\users\b\desktop\code\protojson\protojson\protobuf-3.3.0\cmake\libprotobuf.dir\release\libprotobuf.tlog\custombuild.read.1.tlog
c:\users\b\desktop\code\protojson\protojson\protobuf-3.3.0\cmake\libprotobuf.dir\release\libprotobuf.tlog\custombuild.write.1.tlog
c:\users\b\desktop\code\protojson\protojson\protobuf-3.3.0\cmake\libprotobuf.dir\release\libprotobuf.tlog\lib-link.read.1.tlog
c:\users\b\desktop\code\protojson\protojson\protobuf-3.3.0\cmake\libprotobuf.dir\release\libprotobuf.tlog\lib-link.write.1.tlog
c:\users\b\desktop\code\protojson\protojson\protobuf-3.3.0\cmake\libprotobuf.dir\release\libprotobuf.tlog\lib.command.1.tlog
